<?xml version="1.0" encoding="UTF-8"?>
<testng-results skipped="0" failed="0" ignored="0" total="2" passed="2">
  <reporter-output>
  </reporter-output>
  <suite name="Default suite" duration-ms="19651" started-at="2018-07-30T18:42:46Z" finished-at="2018-07-30T18:43:06Z">
    <groups>
    </groups>
    <test name="Default test" duration-ms="19651" started-at="2018-07-30T18:42:46Z" finished-at="2018-07-30T18:43:06Z">
      <class name="org.kff.tests.KffTest">
        <test-method status="PASS" signature="setUpTest()[pri:0, instance:org.kff.tests.KffTest@25bc0606]" name="setUpTest" is-config="true" duration-ms="175" started-at="2018-07-30T18:42:46Z" finished-at="2018-07-30T18:42:46Z">
          <reporter-output>
          </reporter-output>
        </test-method> <!-- setUpTest -->
        <test-method status="PASS" signature="setUp()[pri:0, instance:org.kff.tests.KffTest@25bc0606]" name="setUp" is-config="true" duration-ms="2983" started-at="2018-07-30T18:42:46Z" finished-at="2018-07-30T18:42:49Z">
          <reporter-output>
          </reporter-output>
        </test-method> <!-- setUp -->
        <test-method status="PASS" signature="testTitleMenuCalc()[pri:1, instance:org.kff.tests.KffTest@25bc0606]" name="testTitleMenuCalc" duration-ms="4063" started-at="2018-07-30T18:42:49Z" finished-at="2018-07-30T18:42:53Z">
          <reporter-output>
          </reporter-output>
        </test-method> <!-- testTitleMenuCalc -->
        <test-method status="PASS" signature="tearDown(org.testng.ITestResult)[pri:0, instance:org.kff.tests.KffTest@25bc0606]" name="tearDown" is-config="true" duration-ms="1016" started-at="2018-07-30T18:42:53Z" finished-at="2018-07-30T18:42:54Z">
          <params>
            <param index="0">
              <value>
                <![CDATA[[TestResult name=testTitleMenuCalc status=SUCCESS method=KffTest.testTitleMenuCalc()[pri:1, instance:org.kff.tests.KffTest@25bc0606] output={null}]]]>
              </value>
            </param>
          </params>
          <reporter-output>
          </reporter-output>
        </test-method> <!-- tearDown -->
        <test-method status="PASS" signature="setUp()[pri:0, instance:org.kff.tests.KffTest@25bc0606]" name="setUp" is-config="true" duration-ms="6589" started-at="2018-07-30T18:42:54Z" finished-at="2018-07-30T18:43:01Z">
          <reporter-output>
          </reporter-output>
        </test-method> <!-- setUp -->
        <test-method status="PASS" signature="testMenuFunction()[pri:2, instance:org.kff.tests.KffTest@25bc0606]" name="testMenuFunction" duration-ms="3312" started-at="2018-07-30T18:43:01Z" finished-at="2018-07-30T18:43:04Z">
          <reporter-output>
          </reporter-output>
        </test-method> <!-- testMenuFunction -->
        <test-method status="PASS" signature="tearDown(org.testng.ITestResult)[pri:0, instance:org.kff.tests.KffTest@25bc0606]" name="tearDown" is-config="true" duration-ms="972" started-at="2018-07-30T18:43:04Z" finished-at="2018-07-30T18:43:05Z">
          <params>
            <param index="0">
              <value>
                <![CDATA[[TestResult name=testMenuFunction status=SUCCESS method=KffTest.testMenuFunction()[pri:2, instance:org.kff.tests.KffTest@25bc0606] output={null}]]]>
              </value>
            </param>
          </params>
          <reporter-output>
          </reporter-output>
        </test-method> <!-- tearDown -->
        <test-method status="PASS" signature="tearDownTest()[pri:0, instance:org.kff.tests.KffTest@25bc0606]" name="tearDownTest" is-config="true" duration-ms="519" started-at="2018-07-30T18:43:05Z" finished-at="2018-07-30T18:43:06Z">
          <reporter-output>
          </reporter-output>
        </test-method> <!-- tearDownTest -->
      </class> <!-- org.kff.tests.KffTest -->
    </test> <!-- Default test -->
  </suite> <!-- Default suite -->
</testng-results>
